C51 COMPILER V7.50   1616                                                                  02/05/2007 10:44:34 PAGE 1   


C51 COMPILER V7.50, COMPILATION OF MODULE 1616
OBJECT MODULE PLACED IN 1616.OBJ
COMPILER INVOKED BY: C:\Keil\C51\BIN\C51.EXE 1616.C BROWSE DEBUG OBJECTEXTEND

line level    source

   1          #include <reg52.h>
   2          
   3          #define int8 unsigned char
   4          #define int16 unsigned int
   5          #define int32 unsigned long
   6          
   7          int8 flag;
   8          int8 n;
   9          int8 code table[][32]={
  10                                     {0x00,0x00,0x00,0x00,0x00,0x00,0x00,0x00,0x00,0x00,0x00,0x00,0x00,0x00,0x00,0x0
             -0,0x00,0x00,0x00,0x00,0x00,0x00,0x00,0x00,0x00,0x00,0x00,0x00,0x00,0x00,0x00,0x00},/* "  " */
  11          
  12          
  13                                     {0x04,0x28,0x08,0x24,0x32,0x22,0xC2,0x21,0xC2,0x26,0x34,0x38,0x04,0x04,0x08,0x1
             -8,0x30,0xF0,0xC0,0x17,0x60,0x10,0x18,0x10,0x0C,0x14,0x06,0x18,0x04,0x10,0x00,0x00},/*"欢",0*/
  14                                     {0x02,0x02,0x04,0x82,0xF8,0x73,0x04,0x20,0x02,0x00,0xE2,0x3F,0x42,0x20,0x82,0x4
             -0,0x02,0x40,0xFA,0x3F,0x02,0x20,0x42,0x20,0x22,0x20,0xC2,0x3F,0x02,0x00,0x00,0x00},/*"迎",1*/
  15                                     {0x00,0x01,0x04,0x02,0x1C,0x0C,0xC0,0x3F,0x1C,0xC0,0x02,0x09,0x02,0x16,0x92,0x6
             -0,0x4A,0x20,0x82,0x2F,0x02,0x20,0x0E,0x24,0x00,0x22,0x90,0x31,0x0C,0x20,0x00,0x00},/*"您",2*/
  16                                     {0x44,0x10,0x44,0x14,0x88,0x54,0x88,0x54,0xD0,0x5F,0x30,0x50,0x60,0x50,0xFE,0x7
             -F,0x40,0x50,0x20,0x90,0xB0,0x9F,0x98,0x92,0x8C,0x94,0x88,0x34,0x80,0x11,0x00,0x00},/*"乘",3*/
  17                                     {0x82,0x00,0x02,0x01,0x22,0x06,0x22,0x38,0x22,0x04,0x22,0x03,0x22,0x00,0xFE,0xF
             -F,0xA2,0x00,0x22,0x01,0x22,0x02,0x22,0x3C,0x22,0x02,0x02,0x01,0x02,0x00,0x00,0x00},/*"坐",4*/
  18                                     {0x02,0x00,0x0C,0x00,0xF0,0x3F,0x00,0x20,0x00,0x20,0x00,0x20,0x00,0x20,0x00,0xA
             -0,0x00,0x60,0x00,0x20,0x00,0x20,0x00,0x20,0x00,0x20,0x00,0x20,0x00,0x20,0x00,0x00},/*"广",5*/
  19                                     {0x80,0x00,0x01,0x07,0x06,0x00,0x18,0x00,0xE0,0xFF,0x00,0x04,0x00,0x03,0x00,0x0
             -0,0xFE,0x7F,0x00,0x08,0x00,0x06,0x80,0x01,0x00,0x00,0xFF,0xFF,0x00,0x00,0x00,0x00},/*"州",6*/
  20                                     {0x00,0x00,0x04,0x20,0x04,0x21,0x04,0x21,0x04,0x21,0x04,0x21,0x04,0x21,0x04,0x2
             -1,0x04,0x21,0x04,0x21,0x04,0x21,0x04,0x21,0x04,0x21,0x04,0x20,0x04,0x00,0x00,0x00},/*"三",7*/
  21                                     {0x20,0x08,0x20,0x86,0x7F,0x60,0x80,0x0F,0x00,0x04,0x00,0x1A,0x00,0xEA,0x00,0x2
             -A,0x00,0x2A,0x00,0x2A,0x00,0x2A,0xF0,0x2B,0x0C,0x28,0x02,0x20,0x0F,0x00,0x00,0x00},/*"汽",8*/
  22                                     {0x00,0x00,0x80,0x00,0x04,0x01,0x0E,0x02,0x14,0x0C,0x24,0x70,0xC4,0x21,0x8C,0x0
             -0,0x08,0x00,0x08,0x70,0x28,0x08,0x1E,0x06,0x0C,0x03,0x80,0x01,0x00,0x01,0x00,0x00},/*"公",9*/
  23                                     {0x00,0x00,0x00,0x08,0xF8,0x49,0x20,0x49,0x20,0x49,0x20,0x49,0x20,0x49,0x20,0x4
             -9,0x20,0x49,0xF0,0x49,0x00,0x48,0x04,0x40,0x02,0x40,0xFC,0x7F,0x00,0x00,0x00,0x00},/*"司",10*/
  24                                     {0x00,0x00,0x80,0x00,0x04,0x01,0x0E,0x02,0x14,0x0C,0x24,0x70,0xC4,0x21,0x8C,0x0
             -0,0x08,0x00,0x08,0x70,0x28,0x08,0x1E,0x06,0x0C,0x03,0x80,0x01,0x00,0x01,0x00,0x00},/*"公",11*/
  25                                     {0x40,0x00,0x40,0x08,0x41,0x08,0x42,0x08,0x4C,0x08,0xF8,0x7F,0x50,0x08,0x40,0x0
             -8,0x40,0x08,0x60,0x08,0xD0,0x7F,0x4C,0x08,0x47,0x08,0x42,0x08,0x40,0x00,0x00,0x00},/*"共",12*/
  26                                     {0x20,0x08,0x20,0x86,0x7F,0x60,0x80,0x0F,0x00,0x04,0x00,0x1A,0x00,0xEA,0x00,0x2
             -A,0x00,0x2A,0x00,0x2A,0x00,0x2A,0xF0,0x2B,0x0C,0x28,0x02,0x20,0x0F,0x00,0x00,0x00},/*"汽",13*/
  27                                     {0x20,0x00,0x20,0x20,0x20,0x21,0x20,0x23,0x20,0x25,0x20,0x39,0x20,0xE1,0x20,0x2
             -1,0xFF,0x2F,0x20,0x21,0x20,0x21,0x20,0x21,0x20,0x21,0x20,0x21,0x20,0x00,0x00,0x00},/*"车",14*/
  28                                     {0x00,0x00,0x00,0x00,0x1A,0x00,0x1C,0x00,0x00,0x00,0x00,0x00,0x00,0x00,0x00,0x0
             -0,0x00,0x00,0x00,0x00,0x00,0x00,0x00,0x00,0x00,0x00,0x00,0x00,0x00,0x00,0x00,0x00},/*"，",15*/
  29                                     {0x00,0x04,0x01,0x04,0x02,0x04,0x04,0x04,0x08,0x04,0x30,0x04,0xC0,0x05,0x00,0xF
             -E,0x80,0x05,0x60,0x04,0x10,0x04,0x0C,0x04,0x06,0x04,0x03,0x04,0x02,0x04,0x00,0x00},/*"大",16*/
  30                                     {0x00,0x02,0x40,0x0C,0x40,0x08,0x40,0x48,0x40,0x3A,0x40,0x2A,0x42,0x0A,0x41,0x8
             -A,0xFE,0x7A,0x40,0x2B,0x40,0x0A,0x40,0x18,0x40,0xEA,0x40,0x4C,0x40,0x08,0x00,0x00},/*"学",17*/
  31                                     {0x20,0x08,0x30,0x08,0xE0,0xFF,0x42,0x08,0x4C,0x08,0xF0,0x1F,0x10,0x12,0x1A,0x1
             -2,0xF2,0x13,0x04,0x10,0xC8,0xFF,0x30,0x10,0xCC,0x50,0x02,0x37,0x1C,0x12,0x00,0x00},/*"城",18*/
  32                                     {0x00,0x00,0x00,0x00,0x00,0x00,0x00,0x00,0x00,0x00,0x0C,0x0E,0x14,0x10,0x24,0x1
             -0,0x44,0x10,0x84,0x11,0x0C,0x0E,0x00,0x00,0x00,0x00,0x00,0x00,0x00,0x00,0x00,0x00},/*"2",0*/
  33                                     {0x04,0x02,0x44,0x06,0xC4,0x1A,0x48,0xE3,0x48,0x46,0x48,0x00,0x04,0x09,0x04,0x0
             -9,0x08,0x09,0xC8,0xFF,0x30,0x09,0x28,0x49,0x44,0x39,0x02,0x29,0x1F,0x01,0x00,0x00},/*"线",19*/
C51 COMPILER V7.50   1616                                                                  02/05/2007 10:44:34 PAGE 2   

  34                                     {0x00,0x02,0x02,0x42,0x04,0x42,0x08,0x42,0x30,0x42,0xC0,0x7F,0x00,0x42,0x00,0x4
             -2,0x00,0x42,0x00,0x42,0xFE,0x7F,0x00,0x42,0x00,0x42,0x00,0x42,0x00,0x42,0x00,0x00},/*"开",20*/
  35                                     {0x40,0x04,0x80,0x08,0x00,0x11,0xFF,0xEF,0x00,0x44,0x02,0x10,0x82,0x10,0x82,0x1
             -0,0x82,0x90,0xFE,0x7F,0x82,0x50,0x82,0x10,0x82,0x10,0x82,0x10,0x02,0x10,0x00,0x00},/*"往",21*/
  36                                     {0x00,0x04,0x01,0x04,0x02,0x04,0x04,0x04,0x08,0x04,0x30,0x04,0xC0,0x05,0x00,0xF
             -E,0x80,0x05,0x60,0x04,0x10,0x04,0x0C,0x04,0x06,0x04,0x03,0x04,0x02,0x04,0x00,0x00},/*"大",22*/
  37                                     {0x00,0x02,0x40,0x0C,0x40,0x08,0x40,0x48,0x40,0x3A,0x40,0x2A,0x42,0x0A,0x41,0x8
             -A,0xFE,0x7A,0x40,0x2B,0x40,0x0A,0x40,0x18,0x40,0xEA,0x40,0x4C,0x40,0x08,0x00,0x00},/*"学",23*/
  38                                     {0x20,0x08,0x30,0x08,0xE0,0xFF,0x42,0x08,0x4C,0x08,0xF0,0x1F,0x10,0x12,0x1A,0x1
             -2,0xF2,0x13,0x04,0x10,0xC8,0xFF,0x30,0x10,0xCC,0x50,0x02,0x37,0x1C,0x12,0x00,0x00},/*"城",24*/
  39                                     {0x00,0x00,0x00,0x00,0x1A,0x00,0x1C,0x00,0x00,0x00,0x00,0x00,0x00,0x00,0x00,0x0
             -0,0x00,0x00,0x00,0x00,0x00,0x00,0x00,0x00,0x00,0x00,0x00,0x00,0x00,0x00,0x00,0x00},/*"，",25*/
  40                                     {0x00,0x02,0x00,0x42,0x00,0x32,0xFE,0x23,0x04,0x00,0x08,0x44,0xFF,0x55,0x50,0x5
             -5,0x50,0x55,0x50,0xFD,0x52,0x55,0x51,0x55,0xFE,0x55,0x00,0x44,0x00,0x04,0x00,0x00},/*"请",26*/
  41                                     {0x00,0x01,0x04,0x02,0x1C,0x0C,0xC0,0x3F,0x1C,0xC0,0x02,0x09,0x02,0x16,0x92,0x6
             -0,0x4A,0x20,0x82,0x2F,0x02,0x20,0x0E,0x24,0x00,0x22,0x90,0x31,0x0C,0x20,0x00,0x00},/*"您",27*/
  42                                     {0x82,0x00,0x02,0x01,0x22,0x06,0x22,0x38,0x22,0x04,0x22,0x03,0x22,0x00,0xFE,0xF
             -F,0xA2,0x00,0x22,0x01,0x22,0x02,0x22,0x3C,0x22,0x02,0x02,0x01,0x02,0x00,0x00,0x00},/*"坐",28*/
  43                                     {0x01,0x08,0xC2,0x08,0x44,0x0F,0x28,0xF8,0x30,0x08,0xCE,0x0F,0x04,0x01,0x00,0x4
             -1,0x02,0x41,0x01,0x41,0xFE,0x4F,0x00,0x51,0x00,0x61,0x00,0x41,0x00,0x01,0x00,0x00},/*"好",29*/
  44                                     {0x42,0x08,0x81,0x08,0xFE,0xFF,0x00,0x09,0x01,0x0A,0x01,0x01,0x02,0x11,0x0C,0x1
             -1,0x30,0x11,0xC0,0xFF,0x30,0x11,0x08,0x11,0x06,0x11,0x03,0x11,0x02,0x01,0x00,0x00},/*"扶",30*/
  45                                     {0x20,0x08,0xC0,0x48,0x00,0x4B,0xFF,0x7F,0x00,0x89,0x9C,0x88,0x00,0x10,0xBC,0x2
             -A,0x82,0xCA,0xC2,0x4A,0xB2,0x5A,0x82,0x6A,0xAE,0x0A,0x90,0x0F,0x0C,0x00,0x00,0x00},/*"稳",31*/
  46                                     {0x00,0x00,0x00,0x00,0x00,0x00,0xFA,0x0F,0x00,0x00,0x00,0x00,0x00,0x00,0x00,0x0
             -0,0x00,0x00,0x00,0x00,0x00,0x00,0x00,0x00,0x00,0x00,0x00,0x00,0x00,0x00,0x00,0x00},/*"！",32*/
  47          
  48                                     {0x00,0x00,0x00,0x00,0x00,0x00,0x00,0x00,0x00,0x00,0x00,0x00,0x00,0x00,0x00,0x0
             -0,0x00,0x00,0x00,0x00,0x00,0x00,0x00,0x00,0x00,0x00,0x00,0x00,0x00,0x00,0x00,0x00}/* "  " */
  49                                 };
  50          
  51          void delay(void);
  52          int16 offset;
  53          
  54          void main(void)
  55          {
  56   1          int8 i;
  57   1          int8 *p;
  58   1          flag=0x10;
  59   1          n=0;
  60   1          TMOD=0x01;
  61   1          TH0=0xb1;
  62   1          TL0=0xe0;
  63   1          ET0=1;
  64   1          EA=1;
  65   1          TR0=1;
  66   1      
  67   1          p=&table[0][0];
  68   1      
  69   1          while (1)
  70   1          {
  71   2              for (i=0;i<8;i++)
  72   2              {
  73   3                  P0=*(p+offset+2*i);
  74   3                  P2=i|0x08;
  75   3                  delay();
  76   3      
  77   3                  P0=*(p+offset+2*i+1);
  78   3                  P2=i|0x10;
  79   3                  delay();
  80   3              }
  81   2              for (i=8;i<16;i++)
C51 COMPILER V7.50   1616                                                                  02/05/2007 10:44:34 PAGE 3   

  82   2              {
  83   3      
  84   3                  P0=*(p+offset+2*i);
  85   3                  P2=(i-8)|0x20;
  86   3                  delay();
  87   3      
  88   3                  P0=*(p+offset+2*i+1);
  89   3                  P2=(i-8)|0x40;
  90   3                  delay();
  91   3              }
  92   2          }
  93   1      }
  94          
  95          
  96          void delay(void)
  97          {
  98   1          int16 i;
  99   1          for (i=0;i<50;i++)
 100   1              ;
 101   1      }
 102          
 103          
 104          void timer0() interrupt 1 using 3
 105          {
 106   1          TF0=0;
 107   1          TH0=0xb1;
 108   1          TL0=0xe0;
 109   1          if (n<10)
 110   1          {
 111   2          n++;
 112   2          }
 113   1          else
 114   1          {
 115   2          offset+=2;
 116   2          if (offset>1100)
 117   2                  offset=0;
 118   2              n=0;
 119   2          }
 120   1      }
 121          
 122          
 123          
 124          
 125          
 126          
 127          
 128          
 129          
 130          
 131          
 132          
 133          
 134          
 135          
 136          
 137          
 138          
 139          
 140          


MODULE INFORMATION:   STATIC OVERLAYABLE
C51 COMPILER V7.50   1616                                                                  02/05/2007 10:44:34 PAGE 4   

   CODE SIZE        =    284    ----
   CONSTANT SIZE    =   1152    ----
   XDATA SIZE       =   ----    ----
   PDATA SIZE       =   ----    ----
   DATA SIZE        =      4       4
   IDATA SIZE       =   ----    ----
   BIT SIZE         =   ----    ----
END OF MODULE INFORMATION.


C51 COMPILATION COMPLETE.  0 WARNING(S),  0 ERROR(S)
