                        .module dac.c
                        .area vector(rom, abs)
                        .org 16
 0010 16C0              rjmp _put_to_dac
                        .area data(ram, con, rel)
 0000           _sin_tabel::
 0000                   .blkb 2
                        .area idata
 0000 80A8              .byte 128,168
                        .area data(ram, con, rel)
 0002                   .blkb 2
                        .area idata
 0002 CCE7              .byte 204,231
                        .area data(ram, con, rel)
 0004                   .blkb 2
                        .area idata
 0004 F9FF              .byte 249,255
                        .area data(ram, con, rel)
 0006                   .blkb 2
                        .area idata
 0006 F9E7              .byte 249,231
                        .area data(ram, con, rel)
 0008                   .blkb 2
                        .area idata
 0008 CBA7              .byte 203,167
                        .area data(ram, con, rel)
 000A                   .blkb 2
                        .area idata
 000A 8059              .byte 128,'Y
                        .area data(ram, con, rel)
 000C                   .blkb 2
                        .area idata
 000C 3519              .byte 53,25
                        .area data(ram, con, rel)
 000E                   .blkb 2
                        .area idata
 000E 0700              .byte 7,0
                        .area data(ram, con, rel)
 0010                   .blkb 2
                        .area idata
 0010 0719              .byte 7,25
                        .area data(ram, con, rel)
 0012                   .blkb 2
                        .area idata
 0012 3559              .byte 53,'Y
                        .area data(ram, con, rel)
 0014                   .blkb 1
                        .area idata
 0014 80                .byte 128
                        .area data(ram, con, rel)
 0015                   .dbfile E:/学习/AVR/adc/dac.h
 0015                   .dbsym e sin_tabel _sin_tabel A[21:21]c
                        .area text(rom, con, rel)
 0000                   .dbfile E:/学习/AVR/adc/dac.h
 0000                   .dbfile E:\学习\AVR\adc\dac.c
 0000                   .dbfunc e dac_init _dac_init fV
                        .even
 0000           _dac_init::
 0000                   .dbline -1
 0000                   .dbline 8
 0000           ; #define _dac_c
 0000           ; 
 0000           ; #include <io8535v.h>
 0000           ; #include <macros.h>
 0000           ; #include <dac.h>
 0000           ; #define debug_p (*(volatile uint *)0xa0)
 0000           ; void dac_init (void)
 0000           ; {
 0000                   .dbline 9
 0000           ;        vol_data = 0;
 0000 2224              clr R2
 0002 20920000          sts _vol_data,R2
 0006                   .dbline 10
 0006           ;  TIMSK = 0x04;//为什么是04啊？？？？？？？？？
 0006 84E0              ldi R24,4
 0008 89BF              out 0x39,R24
 000A                   .dbline 11
 000A           ;  TCCR1B = 0x00; //stop
 000A 2EBC              out 0x2e,R2
 000C                   .dbline 12
 000C           ;  TCNT1H = 0xf5; //setup
 000C 85EF              ldi R24,245
 000E 8DBD              out 0x2d,R24
 0010                   .dbline 13
 0010           ;  TCNT1L = 0xEE;
 0010 8EEE              ldi R24,238
 0012 8CBD              out 0x2c,R24
 0014                   .dbline 14
 0014           ;  OCR1AH = 0x7A;
 0014 8AE7              ldi R24,122
 0016 8BBD              out 0x2b,R24
 0018                   .dbline 15
 0018           ;  OCR1AL = 0x12;
 0018 82E1              ldi R24,18
 001A 8ABD              out 0x2a,R24
 001C                   .dbline 16
 001C           ;  OCR1BH = 0x7A;
 001C 8AE7              ldi R24,122
 001E 89BD              out 0x29,R24
 0020                   .dbline 17
 0020           ;  OCR1BL = 0x12;
 0020 82E1              ldi R24,18
 0022 88BD              out 0x28,R24
 0024                   .dbline 18
 0024           ;  TCCR1A = 0x00;
 0024 2FBC              out 0x2f,R2
 0026                   .dbline 19
 0026           ;  TCCR1B = 0x02; //start Timer
 0026 82E0              ldi R24,2
 0028 8EBD              out 0x2e,R24
 002A                   .dbline -2
 002A                   .dbline 21
 002A           ;        
 002A           ; }
 002A           L1:
 002A                   .dbline 0 ; func end
 002A 0895              ret
 002C                   .dbend
 002C                   .dbfunc e put_to_dac _put_to_dac fV
                        .even
 002C           _put_to_dac::
 002C 2A92              st -y,R2
 002E 3A92              st -y,R3
 0030 8A93              st -y,R24
 0032 9A93              st -y,R25
 0034 EA93              st -y,R30
 0036 FA93              st -y,R31
 0038 2FB6              in R2,0x3f
 003A 2A92              st -y,R2
 003C                   .dbline -1
 003C                   .dbline 25
 003C                   .dbline 26
 003C 85EF              ldi R24,245
 003E 8DBD              out 0x2d,R24
 0040                   .dbline 27
 0040 8EEE              ldi R24,238
 0042 8CBD              out 0x2c,R24
 0044                   .dbline 28
 0044 80E0              ldi R24,<_sin_tabel
 0046 90E0              ldi R25,>_sin_tabel
 0048 E0910000          lds R30,_vol_data
 004C FF27              clr R31
 004E E80F              add R30,R24
 0050 F91F              adc R31,R25
 0052 2080              ldd R2,z+0
 0054 25BA              out 0x15,R2
 0056                   .dbline 29
 0056 80910000          lds R24,_vol_data
 005A 8F5F              subi R24,255    ; addi 1
 005C 80930000          sts _vol_data,R24
 0060                   .dbline 30
 0060 282E              mov R2,R24
 0062 3324              clr R3
 0064 3092A100          sts 160+1,R3
 0068 2092A000          sts 160,R2
 006C                   .dbline 31
 006C 84E1              ldi R24,20
 006E 8215              cp R24,R2
 0070 18F4              brsh L3
 0072                   .dbline 31
 0072 2224              clr R2
 0074 20920000          sts _vol_data,R2
 0078           L3:
 0078                   .dbline -2
 0078                   .dbline 32
 0078           ; 
 0078           ; 
 0078           ; void put_to_dac (void)
 0078           ; {
 0078           ;  TCNT1H = 0xf5; //setup
 0078           ;  TCNT1L = 0xEE;
 0078           ;       data_port = sin_tabel[vol_data];
 0078           ;       vol_data++;
 0078           ;       debug_p= vol_data;
 0078           ;       if (vol_data>20) vol_data =0;
 0078           ; }
 0078           L2:
 0078 2990              ld R2,y+
 007A 2FBE              out 0x3f,R2
 007C F991              ld R31,y+
 007E E991              ld R30,y+
 0080 9991              ld R25,y+
 0082 8991              ld R24,y+
 0084 3990              ld R3,y+
 0086 2990              ld R2,y+
 0088                   .dbline 0 ; func end
 0088 1895              reti
 008A                   .dbend
                        .area bss(ram, con, rel)
 0000                   .dbfile E:\学习\AVR\adc\dac.c
 0000           _vol_data::
 0000                   .blkb 1
 0001                   .dbfile E:/学习/AVR/adc/dac.h
 0001                   .dbsym e vol_data _vol_data c
